Start testing: Feb 17 08:34 CET
----------------------------------------------------------
1/3 Testing: lora_networking_lib.test_packets
1/3 Test: lora_networking_lib.test_packets
Command: "/home/cavej/repos/apo_ucak/hardware_impl/components/lora_networking_lib/upstream/build/tests/test_packets"
Directory: /home/cavej/repos/apo_ucak/hardware_impl/components/lora_networking_lib/upstream/build/tests
"lora_networking_lib.test_packets" start time: Feb 17 08:34 CET
Output:
----------------------------------------------------------
testing packet to bytestream conversion
testing packet parsing
<end of output>
Test time =   0.00 sec
----------------------------------------------------------
Test Passed.
"lora_networking_lib.test_packets" end time: Feb 17 08:34 CET
"lora_networking_lib.test_packets" time elapsed: 00:00:00
----------------------------------------------------------

2/3 Testing: lora_networking_lib.test_network_data_operations
2/3 Test: lora_networking_lib.test_network_data_operations
Command: "/home/cavej/repos/apo_ucak/hardware_impl/components/lora_networking_lib/upstream/build/tests/test_network_data_operations"
Directory: /home/cavej/repos/apo_ucak/hardware_impl/components/lora_networking_lib/upstream/build/tests
"lora_networking_lib.test_network_data_operations" start time: Feb 17 08:34 CET
Output:
----------------------------------------------------------
<end of output>
Test time =   0.00 sec
----------------------------------------------------------
Test Passed.
"lora_networking_lib.test_network_data_operations" end time: Feb 17 08:34 CET
"lora_networking_lib.test_network_data_operations" time elapsed: 00:00:00
----------------------------------------------------------

3/3 Testing: lora_networking_lib.test_rx_packet_handler
3/3 Test: lora_networking_lib.test_rx_packet_handler
Command: "/home/cavej/repos/apo_ucak/hardware_impl/components/lora_networking_lib/upstream/build/tests/test_rx_packet_handler"
Directory: /home/cavej/repos/apo_ucak/hardware_impl/components/lora_networking_lib/upstream/build/tests
"lora_networking_lib.test_rx_packet_handler" start time: Feb 17 08:34 CET
Output:
----------------------------------------------------------
starting single array no redundancy all capture test
starting single array all capture with redundancy test
starting command packet test
starting command packet bypass test
<end of output>
Test time =   0.00 sec
----------------------------------------------------------
Test Passed.
"lora_networking_lib.test_rx_packet_handler" end time: Feb 17 08:34 CET
"lora_networking_lib.test_rx_packet_handler" time elapsed: 00:00:00
----------------------------------------------------------

End testing: Feb 17 08:34 CET
